c:\pbs\priority_g\x64\debug\vc140.pdb
c:\pbs\priority_g\x64\debug\vc140.idb
c:\pbs\priority_g\x64\debug\agents_loader.obj
c:\pbs\priority_g\x64\debug\compute_heuristic.obj
c:\pbs\priority_g\x64\debug\driver.obj
c:\pbs\priority_g\x64\debug\ecbs_node.obj
c:\pbs\priority_g\x64\debug\ecbs_search.obj
c:\pbs\priority_g\x64\debug\egraph_reader.obj
c:\pbs\priority_g\x64\debug\epea_node.obj
c:\pbs\priority_g\x64\debug\epea_search.obj
c:\pbs\priority_g\x64\debug\gicbsnode.obj
c:\pbs\priority_g\x64\debug\gicbssearch.obj
c:\pbs\priority_g\x64\debug\icbsnode.obj
c:\pbs\priority_g\x64\debug\icbssearch.obj
c:\pbs\priority_g\x64\debug\llnode.obj
c:\pbs\priority_g\x64\debug\map_loader.obj
c:\pbs\priority_g\x64\debug\node.obj
c:\pbs\priority_g\x64\debug\singleagenticbs.obj
c:\pbs\priority_g\x64\debug\single_agent_ecbs.obj
c:\pbs\x64\debug\priority_g.ilk
c:\pbs\x64\debug\priority_g.exe
c:\pbs\x64\debug\priority_g.pdb
c:\pbs\priority_g\x64\debug\priority_g.tlog\cl.command.1.tlog
c:\pbs\priority_g\x64\debug\priority_g.tlog\cl.read.1.tlog
c:\pbs\priority_g\x64\debug\priority_g.tlog\cl.write.1.tlog
c:\pbs\priority_g\x64\debug\priority_g.tlog\link.command.1.tlog
c:\pbs\priority_g\x64\debug\priority_g.tlog\link.read.1.tlog
c:\pbs\priority_g\x64\debug\priority_g.tlog\link.write.1.tlog
