c:\pbs\priority_g\x64\release\vc140.pdb
c:\pbs\priority_g\x64\release\single_agent_ecbs.obj
c:\pbs\priority_g\x64\release\singleagenticbs.obj
c:\pbs\priority_g\x64\release\node.obj
c:\pbs\priority_g\x64\release\map_loader.obj
c:\pbs\priority_g\x64\release\llnode.obj
c:\pbs\priority_g\x64\release\icbssearch.obj
c:\pbs\priority_g\x64\release\icbsnode.obj
c:\pbs\priority_g\x64\release\gicbssearch.obj
c:\pbs\priority_g\x64\release\gicbsnode.obj
c:\pbs\priority_g\x64\release\epea_search.obj
c:\pbs\priority_g\x64\release\epea_node.obj
c:\pbs\priority_g\x64\release\egraph_reader.obj
c:\pbs\priority_g\x64\release\ecbs_search.obj
c:\pbs\priority_g\x64\release\ecbs_node.obj
c:\pbs\priority_g\x64\release\driver.obj
c:\pbs\priority_g\x64\release\compute_heuristic.obj
c:\pbs\priority_g\x64\release\agents_loader.obj
c:\pbs\x64\release\priority_g.exe
c:\pbs\x64\release\priority_g.ipdb
c:\pbs\x64\release\priority_g.iobj
c:\pbs\x64\release\priority_g.pdb
c:\pbs\priority_g\x64\release\priority_g.tlog\cl.command.1.tlog
c:\pbs\priority_g\x64\release\priority_g.tlog\cl.read.1.tlog
c:\pbs\priority_g\x64\release\priority_g.tlog\cl.write.1.tlog
c:\pbs\priority_g\x64\release\priority_g.tlog\link.command.1.tlog
c:\pbs\priority_g\x64\release\priority_g.tlog\link.read.1.tlog
c:\pbs\priority_g\x64\release\priority_g.tlog\link.write.1.tlog
