c:\cbsh\cbsh\x64\debug\vc140.pdb
c:\cbsh\cbsh\x64\debug\vc140.idb
c:\cbsh\cbsh\x64\debug\agents_loader.obj
c:\cbsh\cbsh\x64\debug\compute_heuristic.obj
c:\cbsh\cbsh\x64\debug\driver.obj
c:\cbsh\cbsh\x64\debug\ecbs_node.obj
c:\cbsh\cbsh\x64\debug\ecbs_search.obj
c:\cbsh\cbsh\x64\debug\egraph_reader.obj
c:\cbsh\cbsh\x64\debug\epea_node.obj
c:\cbsh\cbsh\x64\debug\epea_search.obj
c:\cbsh\cbsh\x64\debug\icbsnode.obj
c:\cbsh\cbsh\x64\debug\icbssearch.obj
c:\cbsh\cbsh\x64\debug\llnode.obj
c:\cbsh\cbsh\x64\debug\map_loader.obj
c:\cbsh\cbsh\x64\debug\mdd.obj
c:\cbsh\cbsh\x64\debug\node.obj
c:\cbsh\cbsh\x64\debug\singleagenticbs.obj
c:\cbsh\cbsh\x64\debug\single_agent_ecbs.obj
c:\cbsh\x64\debug\cbsh.ilk
c:\cbsh\x64\debug\cbsh.exe
c:\cbsh\x64\debug\cbsh.pdb
c:\pbs\cbsh\x64\debug\agents_loader.obj
c:\pbs\cbsh\x64\debug\compute_heuristic.obj
c:\pbs\cbsh\x64\debug\driver.obj
c:\pbs\cbsh\x64\debug\ecbs_node.obj
c:\pbs\cbsh\x64\debug\ecbs_search.obj
c:\pbs\cbsh\x64\debug\egraph_reader.obj
c:\pbs\cbsh\x64\debug\epea_node.obj
c:\pbs\cbsh\x64\debug\epea_search.obj
c:\pbs\cbsh\x64\debug\icbsnode.obj
c:\pbs\cbsh\x64\debug\icbssearch.obj
c:\pbs\cbsh\x64\debug\llnode.obj
c:\pbs\cbsh\x64\debug\map_loader.obj
c:\pbs\cbsh\x64\debug\mdd.obj
c:\pbs\cbsh\x64\debug\node.obj
c:\pbs\cbsh\x64\debug\singleagenticbs.obj
c:\pbs\cbsh\x64\debug\single_agent_ecbs.obj
c:\pbs\cbsh\x64\debug\vc140.idb
c:\pbs\cbsh\x64\debug\vc140.pdb
c:\pbs\cbsh\x64\debug\cbsh.tlog\cl.command.1.tlog
c:\pbs\cbsh\x64\debug\cbsh.tlog\cl.read.1.tlog
c:\pbs\cbsh\x64\debug\cbsh.tlog\cl.write.1.tlog
c:\pbs\cbsh\x64\debug\cbsh.tlog\link.command.1.tlog
c:\pbs\cbsh\x64\debug\cbsh.tlog\link.read.1.tlog
c:\pbs\cbsh\x64\debug\cbsh.tlog\link.write.1.tlog
